2025-04-01 20:02:54,773 - root - ERROR - Error configurando WebEngine: type object 'WebAttribute' has no attribute 'WebSecurityEnabled'
2025-04-01 20:04:24,388 - root - ERROR - Error configurando WebEngine: type object 'WebAttribute' has no attribute 'WebSecurityEnabled'
2025-04-01 20:04:24,406 - root - INFO - Realizando búsqueda en Bandcamp: https://bandcamp.com/search?q=bicep
2025-04-01 20:04:25,595 - root - INFO - Realizando búsqueda en SoundCloud: https://soundcloud.com/search?q=bicep
2025-04-01 20:04:25,910 - root - INFO - SoundCloud: usando selector h2 a[href^="/"], encontrados 10 elementos
2025-04-01 20:04:25,911 - root - INFO - Encontrado en SoundCloud: BICEP - URL: https://soundcloud.com/feelmybicep
2025-04-01 20:04:25,912 - root - INFO - Encontrado en SoundCloud: Bicep - Glue vs Sonny Fodera - Angel ft. Clementine Douglas vs Noir & Haze - Around (SF EDIT) - URL: https://soundcloud.com/sonnyfodera/bicep-glue-vs-sonny-fodera-angel-ft-clementine-douglas-vs-noir-haze-around-sonny-fodera-edit
2025-04-01 20:04:25,913 - root - INFO - Encontrado en SoundCloud: BICEP | GLUE // CLIP - URL: https://soundcloud.com/feelmybicep/bicep-glue-clip
2025-04-01 20:04:25,914 - root - INFO - Encontrado en SoundCloud: Move Me X Glue (Charli XCX X Bicep) - URL: https://soundcloud.com/jevanextras/move-me-x-glue-charli-xcx-x-bicep
2025-04-01 20:04:25,914 - root - INFO - Encontrado en SoundCloud: Bicep x Nelly Furtado - Glue x Say It Right (Switch Disco Edit) - URL: https://soundcloud.com/user-978599075/bicep-x-nelly-furtado-glue-x-say-it-right-switch-disco-edit
2025-04-01 20:05:54,221 - root - ERROR - Error configurando WebEngine: type object 'WebAttribute' has no attribute 'WebSecurityEnabled'
2025-04-01 20:06:12,108 - root - ERROR - Error configurando WebEngine: type object 'WebAttribute' has no attribute 'WebSecurityEnabled'
2025-04-01 20:06:12,126 - root - INFO - Realizando búsqueda en Bandcamp: https://bandcamp.com/search?q=bicep
2025-04-01 20:06:13,805 - root - INFO - Realizando búsqueda en SoundCloud: https://soundcloud.com/search?q=bicep
2025-04-01 20:06:14,165 - root - INFO - SoundCloud: usando selector h2 a[href^="/"], encontrados 10 elementos
2025-04-01 20:06:14,166 - root - INFO - Encontrado en SoundCloud: BICEP - URL: https://soundcloud.com/feelmybicep
2025-04-01 20:06:14,167 - root - INFO - Encontrado en SoundCloud: Bicep - Glue vs Sonny Fodera - Angel ft. Clementine Douglas vs Noir & Haze - Around (SF EDIT) - URL: https://soundcloud.com/sonnyfodera/bicep-glue-vs-sonny-fodera-angel-ft-clementine-douglas-vs-noir-haze-around-sonny-fodera-edit
2025-04-01 20:06:14,168 - root - INFO - Encontrado en SoundCloud: BICEP | GLUE // CLIP - URL: https://soundcloud.com/feelmybicep/bicep-glue-clip
2025-04-01 20:06:14,168 - root - INFO - Encontrado en SoundCloud: Move Me X Glue (Charli XCX X Bicep) - URL: https://soundcloud.com/jevanextras/move-me-x-glue-charli-xcx-x-bicep
2025-04-01 20:06:14,169 - root - INFO - Encontrado en SoundCloud: Bicep x Nelly Furtado - Glue x Say It Right (Switch Disco Edit) - URL: https://soundcloud.com/user-978599075/bicep-x-nelly-furtado-glue-x-say-it-right-switch-disco-edit
2025-04-01 20:29:46,934 - root - ERROR - Error configurando WebEngine: type object 'WebAttribute' has no attribute 'WebSecurityEnabled'
2025-04-01 20:31:13,301 - root - ERROR - Error configurando WebEngine: type object 'WebAttribute' has no attribute 'WebSecurityEnabled'
2025-04-01 20:31:19,476 - root - ERROR - Error configurando WebEngine: type object 'WebAttribute' has no attribute 'WebSecurityEnabled'
2025-04-01 21:16:26,482 - root - ERROR - Error configurando WebEngine: type object 'WebAttribute' has no attribute 'WebSecurityEnabled'
2025-04-01 21:23:19,852 - root - ERROR - Error configurando WebEngine: type object 'WebAttribute' has no attribute 'WebSecurityEnabled'
2025-04-01 21:23:49,892 - root - ERROR - Error configurando WebEngine: type object 'WebAttribute' has no attribute 'WebSecurityEnabled'
2025-04-01 21:24:38,534 - root - ERROR - Error configurando WebEngine: type object 'WebAttribute' has no attribute 'WebSecurityEnabled'
2025-04-01 21:24:38,555 - root - INFO - Realizando búsqueda en Bandcamp: https://bandcamp.com/search?q=bicep
2025-04-01 21:24:39,091 - root - INFO - Realizando búsqueda en SoundCloud: https://soundcloud.com/search?q=bicep
2025-04-01 21:24:39,829 - root - INFO - SoundCloud: usando selector h2 a[href^="/"], encontrados 10 elementos
2025-04-01 21:24:39,830 - root - INFO - Encontrado en SoundCloud: BICEP - URL: https://soundcloud.com/feelmybicep
2025-04-01 21:24:39,832 - root - INFO - Encontrado en SoundCloud: Bicep - Glue vs Sonny Fodera - Angel ft. Clementine Douglas vs Noir & Haze - Around (SF EDIT) - URL: https://soundcloud.com/sonnyfodera/bicep-glue-vs-sonny-fodera-angel-ft-clementine-douglas-vs-noir-haze-around-sonny-fodera-edit
2025-04-01 21:24:39,834 - root - INFO - Encontrado en SoundCloud: BICEP | GLUE // CLIP - URL: https://soundcloud.com/feelmybicep/bicep-glue-clip
2025-04-01 21:24:39,835 - root - INFO - Encontrado en SoundCloud: Move Me X Glue (Charli XCX X Bicep) - URL: https://soundcloud.com/jevanextras/move-me-x-glue-charli-xcx-x-bicep
2025-04-01 21:24:39,836 - root - INFO - Encontrado en SoundCloud: Bicep x Nelly Furtado - Glue x Say It Right (Switch Disco Edit) - URL: https://soundcloud.com/user-978599075/bicep-x-nelly-furtado-glue-x-say-it-right-switch-disco-edit
2025-04-01 23:41:28,926 - root - ERROR - Error configurando WebEngine: type object 'WebAttribute' has no attribute 'WebSecurityEnabled'
2025-04-01 23:43:25,592 - root - ERROR - Error configurando WebEngine: type object 'WebAttribute' has no attribute 'WebSecurityEnabled'
2025-04-01 23:44:18,674 - root - ERROR - Error configurando WebEngine: type object 'WebAttribute' has no attribute 'WebSecurityEnabled'
2025-04-02 00:03:40,235 - root - ERROR - Error configurando WebEngine: type object 'WebAttribute' has no attribute 'WebSecurityEnabled'
2025-04-02 00:04:27,364 - root - ERROR - Error configurando WebEngine: type object 'WebAttribute' has no attribute 'WebSecurityEnabled'
2025-04-02 00:05:16,620 - root - ERROR - Error configurando WebEngine: type object 'WebAttribute' has no attribute 'WebSecurityEnabled'
2025-04-02 00:05:38,143 - root - ERROR - Error configurando WebEngine: type object 'WebAttribute' has no attribute 'WebSecurityEnabled'
2025-04-02 00:06:05,812 - root - ERROR - Error configurando WebEngine: type object 'WebAttribute' has no attribute 'WebSecurityEnabled'
2025-04-02 00:06:26,409 - root - ERROR - Error configurando WebEngine: type object 'WebAttribute' has no attribute 'WebSecurityEnabled'
2025-04-02 00:06:55,333 - root - ERROR - Error configurando WebEngine: type object 'WebAttribute' has no attribute 'WebSecurityEnabled'
2025-04-02 00:07:52,934 - root - ERROR - Error configurando WebEngine: type object 'WebAttribute' has no attribute 'WebSecurityEnabled'
2025-04-02 00:08:27,160 - root - ERROR - Error configurando WebEngine: type object 'WebAttribute' has no attribute 'WebSecurityEnabled'
2025-04-02 00:08:33,039 - root - CRITICAL - Uncaught exception:
Traceback (most recent call last):
  File "/home/huan/gits/pollo/music-fuzzy/modules/music_fuzzy_module.py", line 1945, in keyPressEvent
    if self.results_list.hasFocus():
       ^^^^^^^^^^^^^^^^^
AttributeError: 'MusicBrowser' object has no attribute 'results_list'

2025-04-02 00:08:33,636 - root - CRITICAL - Uncaught exception:
Traceback (most recent call last):
  File "/home/huan/gits/pollo/music-fuzzy/modules/music_fuzzy_module.py", line 1945, in keyPressEvent
    if self.results_list.hasFocus():
       ^^^^^^^^^^^^^^^^^
AttributeError: 'MusicBrowser' object has no attribute 'results_list'

2025-04-02 00:08:44,984 - root - CRITICAL - Uncaught exception:
Traceback (most recent call last):
  File "/home/huan/gits/pollo/music-fuzzy/modules/music_fuzzy_module.py", line 1945, in keyPressEvent
    if self.results_list.hasFocus():
       ^^^^^^^^^^^^^^^^^
AttributeError: 'MusicBrowser' object has no attribute 'results_list'

2025-04-02 00:15:15,700 - root - ERROR - Error configurando WebEngine: type object 'WebAttribute' has no attribute 'WebSecurityEnabled'
2025-04-02 00:15:27,596 - root - CRITICAL - Uncaught exception:
Traceback (most recent call last):
  File "/home/huan/gits/pollo/music-fuzzy/modules/music_fuzzy_module.py", line 1945, in keyPressEvent
    if self.results_tree.hasFocus():
       ^^^^^^^^^^^^^^^^^
AttributeError: 'MusicBrowser' object has no attribute 'results_tree'

2025-04-02 00:16:23,149 - root - CRITICAL - Uncaught exception:
Traceback (most recent call last):
  File "/home/huan/gits/pollo/music-fuzzy/modules/music_fuzzy_module.py", line 1945, in keyPressEvent
    if self.results_tree.hasFocus():
       ^^^^^^^^^^^^^^^^^
AttributeError: 'MusicBrowser' object has no attribute 'results_tree'

2025-04-02 00:16:24,716 - root - ERROR - Error configurando WebEngine: type object 'WebAttribute' has no attribute 'WebSecurityEnabled'
2025-04-02 00:16:32,151 - root - CRITICAL - Uncaught exception:
Traceback (most recent call last):
  File "/home/huan/gits/pollo/music-fuzzy/modules/music_fuzzy_module.py", line 1945, in keyPressEvent
    if self.results_tree.hasFocus():
       ^^^^^^^^^^^^^^^^^
AttributeError: 'MusicBrowser' object has no attribute 'results_tree'

2025-04-02 00:16:33,311 - root - CRITICAL - Uncaught exception:
Traceback (most recent call last):
  File "/home/huan/gits/pollo/music-fuzzy/modules/music_fuzzy_module.py", line 1945, in keyPressEvent
    if self.results_tree.hasFocus():
       ^^^^^^^^^^^^^^^^^
AttributeError: 'MusicBrowser' object has no attribute 'results_tree'

2025-04-02 00:23:27,577 - root - ERROR - Error configurando WebEngine: type object 'WebAttribute' has no attribute 'WebSecurityEnabled'
2025-04-02 00:26:57,719 - root - ERROR - Error configurando WebEngine: type object 'WebAttribute' has no attribute 'WebSecurityEnabled'
2025-04-02 18:21:29,934 - root - ERROR - Error configurando WebEngine: type object 'WebAttribute' has no attribute 'WebSecurityEnabled'
2025-04-02 18:23:21,041 - root - ERROR - Error configurando WebEngine: type object 'WebAttribute' has no attribute 'WebSecurityEnabled'
2025-04-02 18:26:45,664 - root - ERROR - Error configurando WebEngine: type object 'WebAttribute' has no attribute 'WebSecurityEnabled'
2025-04-02 18:27:49,914 - root - ERROR - Error configurando WebEngine: type object 'WebAttribute' has no attribute 'WebSecurityEnabled'
2025-04-02 18:31:03,810 - root - ERROR - Error configurando WebEngine: type object 'WebAttribute' has no attribute 'WebSecurityEnabled'
2025-04-02 18:34:03,702 - root - ERROR - Error configurando WebEngine: type object 'WebAttribute' has no attribute 'WebSecurityEnabled'
2025-04-02 18:34:10,448 - root - CRITICAL - Uncaught exception:
Traceback (most recent call last):
  File "/home/huan/gits/pollo/music-fuzzy/modules/music_fuzzy_module.py", line 2078, in keyPressEvent
    if hasattr(self, 'results_tree') and self.results_tree and self.results_tree.hasFocus():
                                                               ~~~~~~~~~~~~~~~~~~~~~~~~~~^^
RuntimeError: wrapped C/C++ object of type QTreeWidget has been deleted

2025-04-02 18:40:54,569 - root - ERROR - Error configurando WebEngine: type object 'WebAttribute' has no attribute 'WebSecurityEnabled'
2025-04-02 18:41:42,562 - root - ERROR - Error configurando WebEngine: type object 'WebAttribute' has no attribute 'WebSecurityEnabled'
2025-04-02 18:42:09,205 - root - CRITICAL - Uncaught exception:
Traceback (most recent call last):
  File "/home/huan/gits/pollo/music-fuzzy/modules/music_fuzzy_module.py", line 2426, in handle_tree_item_change
    self.show_album_info(current)
    ~~~~~~~~~~~~~~~~~~~~^^^^^^^^^
  File "/home/huan/gits/pollo/music-fuzzy/modules/music_fuzzy_module.py", line 1288, in show_album_info
    album_info = header_item.text().replace("📀 ", "").split(" - ")
                 ~~~~~~~~~~~~~~~~^^
TypeError: text(self, column: int): not enough arguments

2025-04-02 18:42:12,986 - root - CRITICAL - Uncaught exception:
Traceback (most recent call last):
  File "/home/huan/gits/pollo/music-fuzzy/modules/music_fuzzy_module.py", line 2426, in handle_tree_item_change
    self.show_album_info(current)
    ~~~~~~~~~~~~~~~~~~~~^^^^^^^^^
  File "/home/huan/gits/pollo/music-fuzzy/modules/music_fuzzy_module.py", line 1288, in show_album_info
    album_info = header_item.text().replace("📀 ", "").split(" - ")
                 ~~~~~~~~~~~~~~~~^^
TypeError: text(self, column: int): not enough arguments

2025-04-02 18:42:13,690 - root - CRITICAL - Uncaught exception:
Traceback (most recent call last):
  File "/home/huan/gits/pollo/music-fuzzy/modules/music_fuzzy_module.py", line 2426, in handle_tree_item_change
    self.show_album_info(current)
    ~~~~~~~~~~~~~~~~~~~~^^^^^^^^^
  File "/home/huan/gits/pollo/music-fuzzy/modules/music_fuzzy_module.py", line 1288, in show_album_info
    album_info = header_item.text().replace("📀 ", "").split(" - ")
                 ~~~~~~~~~~~~~~~~^^
TypeError: text(self, column: int): not enough arguments

2025-04-02 18:42:14,268 - root - CRITICAL - Uncaught exception:
Traceback (most recent call last):
  File "/home/huan/gits/pollo/music-fuzzy/modules/music_fuzzy_module.py", line 2426, in handle_tree_item_change
    self.show_album_info(current)
    ~~~~~~~~~~~~~~~~~~~~^^^^^^^^^
  File "/home/huan/gits/pollo/music-fuzzy/modules/music_fuzzy_module.py", line 1288, in show_album_info
    album_info = header_item.text().replace("📀 ", "").split(" - ")
                 ~~~~~~~~~~~~~~~~^^
TypeError: text(self, column: int): not enough arguments

2025-04-02 18:42:15,009 - root - CRITICAL - Uncaught exception:
Traceback (most recent call last):
  File "/home/huan/gits/pollo/music-fuzzy/modules/music_fuzzy_module.py", line 2426, in handle_tree_item_change
    self.show_album_info(current)
    ~~~~~~~~~~~~~~~~~~~~^^^^^^^^^
  File "/home/huan/gits/pollo/music-fuzzy/modules/music_fuzzy_module.py", line 1288, in show_album_info
    album_info = header_item.text().replace("📀 ", "").split(" - ")
                 ~~~~~~~~~~~~~~~~^^
TypeError: text(self, column: int): not enough arguments

2025-04-02 18:42:15,852 - root - CRITICAL - Uncaught exception:
Traceback (most recent call last):
  File "/home/huan/gits/pollo/music-fuzzy/modules/music_fuzzy_module.py", line 2426, in handle_tree_item_change
    self.show_album_info(current)
    ~~~~~~~~~~~~~~~~~~~~^^^^^^^^^
  File "/home/huan/gits/pollo/music-fuzzy/modules/music_fuzzy_module.py", line 1288, in show_album_info
    album_info = header_item.text().replace("📀 ", "").split(" - ")
                 ~~~~~~~~~~~~~~~~^^
TypeError: text(self, column: int): not enough arguments

2025-04-02 18:42:16,260 - root - CRITICAL - Uncaught exception:
Traceback (most recent call last):
  File "/home/huan/gits/pollo/music-fuzzy/modules/music_fuzzy_module.py", line 2426, in handle_tree_item_change
    self.show_album_info(current)
    ~~~~~~~~~~~~~~~~~~~~^^^^^^^^^
  File "/home/huan/gits/pollo/music-fuzzy/modules/music_fuzzy_module.py", line 1288, in show_album_info
    album_info = header_item.text().replace("📀 ", "").split(" - ")
                 ~~~~~~~~~~~~~~~~^^
TypeError: text(self, column: int): not enough arguments

2025-04-02 18:42:17,895 - root - CRITICAL - Uncaught exception:
Traceback (most recent call last):
  File "/home/huan/gits/pollo/music-fuzzy/modules/music_fuzzy_module.py", line 2426, in handle_tree_item_change
    self.show_album_info(current)
    ~~~~~~~~~~~~~~~~~~~~^^^^^^^^^
  File "/home/huan/gits/pollo/music-fuzzy/modules/music_fuzzy_module.py", line 1288, in show_album_info
    album_info = header_item.text().replace("📀 ", "").split(" - ")
                 ~~~~~~~~~~~~~~~~^^
TypeError: text(self, column: int): not enough arguments

2025-04-02 18:42:18,462 - root - CRITICAL - Uncaught exception:
Traceback (most recent call last):
  File "/home/huan/gits/pollo/music-fuzzy/modules/music_fuzzy_module.py", line 2426, in handle_tree_item_change
    self.show_album_info(current)
    ~~~~~~~~~~~~~~~~~~~~^^^^^^^^^
  File "/home/huan/gits/pollo/music-fuzzy/modules/music_fuzzy_module.py", line 1288, in show_album_info
    album_info = header_item.text().replace("📀 ", "").split(" - ")
                 ~~~~~~~~~~~~~~~~^^
TypeError: text(self, column: int): not enough arguments

2025-04-02 18:42:18,875 - root - CRITICAL - Uncaught exception:
Traceback (most recent call last):
  File "/home/huan/gits/pollo/music-fuzzy/modules/music_fuzzy_module.py", line 2426, in handle_tree_item_change
    self.show_album_info(current)
    ~~~~~~~~~~~~~~~~~~~~^^^^^^^^^
  File "/home/huan/gits/pollo/music-fuzzy/modules/music_fuzzy_module.py", line 1288, in show_album_info
    album_info = header_item.text().replace("📀 ", "").split(" - ")
                 ~~~~~~~~~~~~~~~~^^
TypeError: text(self, column: int): not enough arguments

2025-04-02 18:42:19,958 - root - CRITICAL - Uncaught exception:
Traceback (most recent call last):
  File "/home/huan/gits/pollo/music-fuzzy/modules/music_fuzzy_module.py", line 2426, in handle_tree_item_change
    self.show_album_info(current)
    ~~~~~~~~~~~~~~~~~~~~^^^^^^^^^
  File "/home/huan/gits/pollo/music-fuzzy/modules/music_fuzzy_module.py", line 1288, in show_album_info
    album_info = header_item.text().replace("📀 ", "").split(" - ")
                 ~~~~~~~~~~~~~~~~^^
TypeError: text(self, column: int): not enough arguments

2025-04-02 18:42:23,691 - root - CRITICAL - Uncaught exception:
Traceback (most recent call last):
  File "/home/huan/gits/pollo/music-fuzzy/modules/music_fuzzy_module.py", line 2426, in handle_tree_item_change
    self.show_album_info(current)
    ~~~~~~~~~~~~~~~~~~~~^^^^^^^^^
  File "/home/huan/gits/pollo/music-fuzzy/modules/music_fuzzy_module.py", line 1288, in show_album_info
    album_info = header_item.text().replace("📀 ", "").split(" - ")
                 ~~~~~~~~~~~~~~~~^^
TypeError: text(self, column: int): not enough arguments

2025-04-02 18:42:30,114 - root - CRITICAL - Uncaught exception:
Traceback (most recent call last):
  File "/home/huan/gits/pollo/music-fuzzy/modules/music_fuzzy_module.py", line 2426, in handle_tree_item_change
    self.show_album_info(current)
    ~~~~~~~~~~~~~~~~~~~~^^^^^^^^^
  File "/home/huan/gits/pollo/music-fuzzy/modules/music_fuzzy_module.py", line 1288, in show_album_info
    album_info = header_item.text().replace("📀 ", "").split(" - ")
                 ~~~~~~~~~~~~~~~~^^
TypeError: text(self, column: int): not enough arguments

2025-04-02 18:42:31,194 - root - CRITICAL - Uncaught exception:
Traceback (most recent call last):
  File "/home/huan/gits/pollo/music-fuzzy/modules/music_fuzzy_module.py", line 2426, in handle_tree_item_change
    self.show_album_info(current)
    ~~~~~~~~~~~~~~~~~~~~^^^^^^^^^
  File "/home/huan/gits/pollo/music-fuzzy/modules/music_fuzzy_module.py", line 1288, in show_album_info
    album_info = header_item.text().replace("📀 ", "").split(" - ")
                 ~~~~~~~~~~~~~~~~^^
TypeError: text(self, column: int): not enough arguments

2025-04-02 18:42:31,668 - root - CRITICAL - Uncaught exception:
Traceback (most recent call last):
  File "/home/huan/gits/pollo/music-fuzzy/modules/music_fuzzy_module.py", line 2426, in handle_tree_item_change
    self.show_album_info(current)
    ~~~~~~~~~~~~~~~~~~~~^^^^^^^^^
  File "/home/huan/gits/pollo/music-fuzzy/modules/music_fuzzy_module.py", line 1288, in show_album_info
    album_info = header_item.text().replace("📀 ", "").split(" - ")
                 ~~~~~~~~~~~~~~~~^^
TypeError: text(self, column: int): not enough arguments

2025-04-02 18:42:32,502 - root - CRITICAL - Uncaught exception:
Traceback (most recent call last):
  File "/home/huan/gits/pollo/music-fuzzy/modules/music_fuzzy_module.py", line 2426, in handle_tree_item_change
    self.show_album_info(current)
    ~~~~~~~~~~~~~~~~~~~~^^^^^^^^^
  File "/home/huan/gits/pollo/music-fuzzy/modules/music_fuzzy_module.py", line 1288, in show_album_info
    album_info = header_item.text().replace("📀 ", "").split(" - ")
                 ~~~~~~~~~~~~~~~~^^
TypeError: text(self, column: int): not enough arguments

2025-04-02 18:42:33,038 - root - CRITICAL - Uncaught exception:
Traceback (most recent call last):
  File "/home/huan/gits/pollo/music-fuzzy/modules/music_fuzzy_module.py", line 2426, in handle_tree_item_change
    self.show_album_info(current)
    ~~~~~~~~~~~~~~~~~~~~^^^^^^^^^
  File "/home/huan/gits/pollo/music-fuzzy/modules/music_fuzzy_module.py", line 1288, in show_album_info
    album_info = header_item.text().replace("📀 ", "").split(" - ")
                 ~~~~~~~~~~~~~~~~^^
TypeError: text(self, column: int): not enough arguments

2025-04-02 18:42:33,478 - root - CRITICAL - Uncaught exception:
Traceback (most recent call last):
  File "/home/huan/gits/pollo/music-fuzzy/modules/music_fuzzy_module.py", line 2426, in handle_tree_item_change
    self.show_album_info(current)
    ~~~~~~~~~~~~~~~~~~~~^^^^^^^^^
  File "/home/huan/gits/pollo/music-fuzzy/modules/music_fuzzy_module.py", line 1288, in show_album_info
    album_info = header_item.text().replace("📀 ", "").split(" - ")
                 ~~~~~~~~~~~~~~~~^^
TypeError: text(self, column: int): not enough arguments

2025-04-02 18:48:58,088 - root - ERROR - Error configurando WebEngine: type object 'WebAttribute' has no attribute 'WebSecurityEnabled'
2025-04-02 23:02:35,700 - root - ERROR - Error configurando WebEngine: type object 'WebAttribute' has no attribute 'WebSecurityEnabled'
2025-04-03 22:52:17,242 - root - ERROR - Error configurando WebEngine: type object 'WebAttribute' has no attribute 'WebSecurityEnabled'
2025-04-03 22:54:32,123 - root - ERROR - Error configurando WebEngine: type object 'WebAttribute' has no attribute 'WebSecurityEnabled'
2025-04-03 23:04:24,135 - root - ERROR - Error configurando WebEngine: type object 'WebAttribute' has no attribute 'WebSecurityEnabled'
2025-04-03 23:06:10,470 - root - ERROR - Error configurando WebEngine: type object 'WebAttribute' has no attribute 'WebSecurityEnabled'
2025-04-03 23:06:58,317 - root - ERROR - Error configurando WebEngine: type object 'WebAttribute' has no attribute 'WebSecurityEnabled'
