2025-06-06 14:06:53,425 - nodriver.core.browser - INFO - starting
	executable :/usr/bin/chromium

arguments:
--remote-allow-origins=*
	--no-first-run
	--no-service-autorun
	--no-default-browser-check
	--homepage=about:blank
	--no-pings
	--password-store=basic
	--disable-infobars
	--disable-breakpad
	--disable-dev-shm-usage
	--disable-session-crashed-bubble
	--disable-search-engine-choice-screen
	--user-data-dir=/tmp/uc_1d31k3tm
	--disable-session-crashed-bubble
	--disable-features=IsolateOrigins,site-per-process
	--no-sandbox
	--remote-debugging-host=127.0.0.1
	--remote-debugging-port=41465
2025-06-06 14:06:53,735 - nodriver.core.browser - INFO - enabling autodiscover targets
2025-06-06 14:06:58,964 - __main__ - INFO - Navegador inicializado correctamente
2025-06-06 14:06:58,964 - __main__ - ERROR - Error durante la ejecución: no such table: artists
2025-06-06 14:06:58,964 - nodriver.core.browser - INFO - terminated browser with pid 289211 successfully
2025-06-06 14:06:58,964 - __main__ - ERROR - Error al cerrar navegador: object NoneType can't be used in 'await' expression
2025-06-06 14:06:58,965 - __main__ - INFO - Scraping completado exitosamente
2025-06-06 14:06:58,966 - nodriver.core.browser - INFO - terminated browser with pid 289211 successfully
2025-06-06 14:08:21,488 - nodriver.core.browser - INFO - starting
	executable :/usr/bin/chromium

arguments:
--remote-allow-origins=*
	--no-first-run
	--no-service-autorun
	--no-default-browser-check
	--homepage=about:blank
	--no-pings
	--password-store=basic
	--disable-infobars
	--disable-breakpad
	--disable-dev-shm-usage
	--disable-session-crashed-bubble
	--disable-search-engine-choice-screen
	--user-data-dir=/tmp/uc_3lftxwhe
	--disable-session-crashed-bubble
	--disable-features=IsolateOrigins,site-per-process
	--no-sandbox
	--remote-debugging-host=127.0.0.1
	--remote-debugging-port=35675
2025-06-06 14:08:21,821 - nodriver.core.browser - INFO - enabling autodiscover targets
2025-06-06 14:08:23,983 - module.name - INFO - Navegador inicializado correctamente
2025-06-06 14:08:24,113 - module.name - INFO - Procesando 0 artistas sin URL de RateYourMusic
2025-06-06 14:08:24,124 - module.name - INFO - Procesando 3086 álbumes sin URL de RateYourMusic
2025-06-06 14:08:24,124 - module.name - INFO - Procesando álbum 1/3086: Send Return - 
2025-06-06 14:08:29,751 - module.name - WARNING - Error en la búsqueda del álbum Send Return - : 'NoneType' object is not callable
2025-06-06 14:08:29,767 - module.name - INFO - URL actualizada para álbum ID 6832
2025-06-06 14:08:30,769 - module.name - INFO - Procesando álbum 2/3086: 10,000 gecs - 100 gecs
2025-06-06 14:08:33,993 - module.name - WARNING - Error en la búsqueda del álbum 10,000 gecs - 100 gecs: 'NoneType' object is not callable
2025-06-06 14:08:34,022 - module.name - INFO - URL actualizada para álbum ID 232
2025-06-06 14:08:35,023 - module.name - INFO - Procesando álbum 3/3086: 79.5 - 79.5
2025-06-06 14:08:38,189 - module.name - WARNING - Error en la búsqueda del álbum 79.5 - 79.5: 'NoneType' object is not callable
2025-06-06 14:08:38,201 - module.name - INFO - URL actualizada para álbum ID 231
2025-06-06 14:08:39,202 - module.name - INFO - Procesando álbum 4/3086: Automanikk - A Guy Called Gerald
2025-06-06 14:08:42,542 - module.name - WARNING - Error en la búsqueda del álbum Automanikk - A Guy Called Gerald: 'NoneType' object is not callable
2025-06-06 14:08:42,554 - module.name - INFO - URL actualizada para álbum ID 2559
2025-06-06 14:08:43,556 - module.name - INFO - Procesando álbum 5/3086: Black Secret Technology - A Guy Called Gerald
2025-06-06 14:08:47,016 - module.name - WARNING - Error en la búsqueda del álbum Black Secret Technology - A Guy Called Gerald: 'NoneType' object is not callable
2025-06-06 14:08:47,020 - module.name - INFO - URL actualizada para álbum ID 7175
2025-06-06 14:08:48,021 - module.name - INFO - Procesando álbum 6/3086: Essence - A Guy Called Gerald
2025-06-06 14:08:51,297 - module.name - WARNING - Error en la búsqueda del álbum Essence - A Guy Called Gerald: 'NoneType' object is not callable
2025-06-06 14:08:51,324 - module.name - INFO - URL actualizada para álbum ID 2558
2025-06-06 14:08:52,326 - module.name - INFO - Procesando álbum 7/3086: Hot Lemonade - A Guy Called Gerald
2025-06-06 14:08:55,596 - module.name - WARNING - Error en la búsqueda del álbum Hot Lemonade - A Guy Called Gerald: 'NoneType' object is not callable
2025-06-06 14:08:55,621 - module.name - INFO - URL actualizada para álbum ID 2557
2025-06-06 14:08:56,622 - module.name - INFO - Procesando álbum 8/3086: How Long Is Now - A Guy Called Gerald
2025-06-06 14:08:59,893 - module.name - WARNING - Error en la búsqueda del álbum How Long Is Now - A Guy Called Gerald: 'NoneType' object is not callable
2025-06-06 14:08:59,922 - module.name - INFO - URL actualizada para álbum ID 2556
2025-06-06 14:09:00,923 - module.name - INFO - Procesando álbum 9/3086: Peel Sessions (Flac+cue+scans) - A Guy Called Gerald
2025-06-06 14:09:04,320 - module.name - WARNING - Error en la búsqueda del álbum Peel Sessions (Flac+cue+scans) - A Guy Called Gerald: 'NoneType' object is not callable
2025-06-06 14:09:04,350 - module.name - INFO - URL actualizada para álbum ID 2553
2025-06-06 14:09:05,351 - module.name - INFO - Procesando álbum 10/3086: Silent Sound Spread Spectrum - A Guy Called Gerald
2025-06-06 14:09:08,708 - module.name - WARNING - Error en la búsqueda del álbum Silent Sound Spread Spectrum - A Guy Called Gerald: 'NoneType' object is not callable
2025-06-06 14:09:08,724 - module.name - INFO - URL actualizada para álbum ID 2554
2025-06-06 14:09:09,725 - module.name - INFO - Procesando álbum 11/3086: Tronic Jazz: The Berlin Sessions - A Guy Called Gerald
2025-06-06 14:09:13,209 - module.name - WARNING - Error en la búsqueda del álbum Tronic Jazz: The Berlin Sessions - A Guy Called Gerald: 'NoneType' object is not callable
2025-06-06 14:09:13,228 - module.name - INFO - URL actualizada para álbum ID 2560
2025-06-06 14:09:14,229 - module.name - INFO - Procesando álbum 12/3086: Voodoo Ray - A Guy Called Gerald
2025-06-06 14:09:17,505 - module.name - WARNING - Error en la búsqueda del álbum Voodoo Ray - A Guy Called Gerald: 'NoneType' object is not callable
2025-06-06 14:09:17,528 - module.name - INFO - URL actualizada para álbum ID 2561
2025-06-06 14:09:18,528 - module.name - INFO - Procesando álbum 13/3086: Voodoo Ray CD Single - A Guy Called Gerald
2025-06-06 14:09:21,916 - module.name - WARNING - Error en la búsqueda del álbum Voodoo Ray CD Single - A Guy Called Gerald: 'NoneType' object is not callable
2025-06-06 14:09:21,940 - module.name - INFO - URL actualizada para álbum ID 2552
2025-06-06 14:09:22,941 - module.name - INFO - Procesando álbum 14/3086: Here We Go Again - A Homeboy, A Hippie
2025-06-06 14:09:26,319 - module.name - WARNING - Error en la búsqueda del álbum Here We Go Again - A Homeboy, A Hippie: 'NoneType' object is not callable
2025-06-06 14:09:26,338 - module.name - INFO - URL actualizada para álbum ID 2544
2025-06-06 14:09:27,339 - module.name - INFO - Procesando álbum 15/3086: 13 Blues for Thirteen Moons - A Silver Mt. Zion
2025-06-06 14:09:30,733 - module.name - WARNING - Error en la búsqueda del álbum 13 Blues for Thirteen Moons - A Silver Mt. Zion: 'NoneType' object is not callable
2025-06-06 14:09:30,746 - module.name - INFO - URL actualizada para álbum ID 911
2025-06-06 14:09:31,746 - module.name - INFO - Procesando álbum 16/3086: Fuck Off Get Free We Pour Light on Everything - A Silver Mt. Zion
2025-06-06 14:09:35,119 - module.name - WARNING - Error en la búsqueda del álbum Fuck Off Get Free We Pour Light on Everything - A Silver Mt. Zion: 'NoneType' object is not callable
2025-06-06 14:09:35,133 - module.name - INFO - URL actualizada para álbum ID 985
2025-06-06 14:09:36,134 - module.name - INFO - Procesando álbum 17/3086: He Has Left Us Alone, but Shafts of Light Sometimes Grace the Corner of Our Rooms… - A Silver Mt. Zion
2025-06-06 14:09:36,448 - nodriver.core.browser - INFO - terminated browser with pid 290901 successfully
2025-06-06 14:09:36,448 - module.name - ERROR - Error al cerrar navegador: object NoneType can't be used in 'await' expression
2025-06-06 14:09:36,450 - module.name - INFO - Scraping interrumpido por el usuario
2025-06-06 14:09:36,563 - module.name - INFO - 🔄 Iniciando process_artists_instruments
2025-06-06 14:09:36,564 - module.name - INFO - ✅ Conexión a base de datos establecida
2025-06-06 14:09:36,564 - module.name - INFO - Tabla equipboard_instruments creada/verificada
2025-06-06 14:09:36,564 - module.name - INFO - ✅ Tabla equipboard_instruments verificada
2025-06-06 14:09:36,570 - module.name - INFO - ✅ Obtenidos 1893 artistas para procesar
2025-06-06 14:09:36,570 - module.name - INFO - 🚀 Procesando instrumentos de 1893 artistas
2025-06-06 14:09:36,570 - module.name - INFO - 🔧 Configurando driver inicial...
2025-06-06 14:09:36,570 - module.name - INFO - 🔧 Usando undetected-chromedriver
2025-06-06 14:09:36,570 - module.name - INFO - 🔇 Modo headless activado
2025-06-06 14:09:36,600 - module.name - INFO - 🎭 Usando user agent aleatorio: Mozilla/5.0 (Windows NT 10.0; Win64; x64) AppleWeb...
2025-06-06 14:09:37,155 - undetected_chromedriver.patcher - INFO - patching driver executable /home/huan/.local/share/undetected_chromedriver/undetected_chromedriver
2025-06-06 14:09:37,391 - uc - INFO - setting properties for headless
2025-06-06 14:09:37,392 - module.name - INFO - ✅ Driver undetected-chrome configurado exitosamente
2025-06-06 14:09:37,400 - module.name - INFO - ✅ Driver inicial configurado exitosamente
2025-06-06 14:09:37,401 - module.name - INFO - 
============================================================
2025-06-06 14:09:37,401 - module.name - INFO - [1/1893] 🎵 PROCESANDO: ANOHNI (Artist or band)
2025-06-06 14:09:37,401 - module.name - INFO - URL: https://equipboard.com/pros/anohni
2025-06-06 14:09:37,401 - module.name - INFO - Artist ID: 1065
2025-06-06 14:09:37,401 - module.name - INFO - ============================================================
2025-06-06 14:09:37,401 - module.name - INFO - 🌐 Iniciando extracción para ANOHNI (Artist or band)
2025-06-06 14:09:37,401 - module.name - INFO - 🎵 Extrayendo instrumentos de https://equipboard.com/pros/anohni
2025-06-06 14:09:37,401 - module.name - INFO - 🌐 Cargando https://equipboard.com/pros/anohni (intento 1/2)
2025-06-06 14:09:37,468 - module.name - INFO - 🔄 Cerrando driver...
2025-06-06 14:09:37,470 - module.name - INFO - ✅ Driver cerrado
2025-06-06 14:09:37,471 - module.name - INFO - ✅ Conexión a BD cerrada
2025-06-06 14:09:37,484 - uc - INFO - ensuring close
2025-06-06 14:09:37,485 - nodriver.core.browser - INFO - terminated browser with pid 290901 successfully
2025-06-06 14:12:27,661 - nodriver.core.browser - INFO - starting
	executable :/usr/bin/chromium

arguments:
--remote-allow-origins=*
	--no-first-run
	--no-service-autorun
	--no-default-browser-check
	--homepage=about:blank
	--no-pings
	--password-store=basic
	--disable-infobars
	--disable-breakpad
	--disable-dev-shm-usage
	--disable-session-crashed-bubble
	--disable-search-engine-choice-screen
	--user-data-dir=/tmp/uc_ihi25g3z
	--disable-session-crashed-bubble
	--disable-features=IsolateOrigins,site-per-process
	--no-sandbox
	--remote-debugging-host=127.0.0.1
	--remote-debugging-port=48497
2025-06-06 14:12:27,970 - nodriver.core.browser - INFO - enabling autodiscover targets
2025-06-06 14:12:30,133 - module.name - INFO - Navegador inicializado correctamente
2025-06-06 14:12:30,138 - module.name - INFO - Procesando 0 artistas sin URL de RateYourMusic
2025-06-06 14:12:30,146 - module.name - INFO - Procesando 3070 álbumes sin URL de RateYourMusic
2025-06-06 14:12:30,146 - module.name - INFO - Procesando álbum 1/3070: He Has Left Us Alone, but Shafts of Light Sometimes Grace the Corner of Our Rooms… - A Silver Mt. Zion
2025-06-06 14:12:30,146 - module.name - INFO - === DEBUG: Elementos en página para album: He Has Left Us Alone, but Shafts of Light Sometimes Grace the Corner of Our Rooms… - A Silver Mt. Zion ===
2025-06-06 14:12:30,158 - module.name - INFO - Total links found: 41
2025-06-06 14:12:30,158 - module.name - INFO - Relevant links found: 0
2025-06-06 14:12:32,191 - module.name - INFO - Elements with class .searchpage: 0
2025-06-06 14:12:34,547 - module.name - INFO - Elements with class .infobox: 0
2025-06-06 14:12:34,610 - module.name - INFO - Elements with class .rendered_text: 23
2025-06-06 14:12:37,132 - module.name - INFO - Elements with class td.main: 0
2025-06-06 14:12:37,132 - module.name - INFO - Searching album: He Has Left Us Alone, but Shafts of Light Sometimes Grace the Corner of Our Rooms… by A Silver Mt. Zion
2025-06-06 14:12:44,281 - module.name - WARNING - No se encontró URL para el álbum: He Has Left Us Alone, but Shafts of Light Sometimes Grace the Corner of Our Rooms… - A Silver Mt. Zion
2025-06-06 14:12:44,284 - module.name - INFO - URL actualizada para álbum ID 2327
2025-06-06 14:12:45,285 - module.name - INFO - Procesando álbum 2/3070: Kollaps Tradixionales - A Silver Mt. Zion
2025-06-06 14:12:45,285 - module.name - INFO - === DEBUG: Elementos en página para album: Kollaps Tradixionales - A Silver Mt. Zion ===
2025-06-06 14:12:46,285 - module.name - INFO - Total links found: 1639
2025-06-06 14:12:46,286 - module.name - INFO - Relevant links found: 0
2025-06-06 14:12:46,335 - module.name - INFO - Elements with class .searchpage: 40
2025-06-06 14:12:46,386 - module.name - INFO - Elements with class .infobox: 40
2025-06-06 14:12:46,575 - module.name - INFO - Elements with class .rendered_text: 315
2025-06-06 14:12:48,780 - module.name - INFO - Elements with class td.main: 0
2025-06-06 14:12:48,783 - module.name - INFO - Searching album: Kollaps Tradixionales by A Silver Mt. Zion
2025-06-06 14:12:55,624 - module.name - WARNING - No se encontró URL para el álbum: Kollaps Tradixionales - A Silver Mt. Zion
2025-06-06 14:12:55,636 - module.name - INFO - URL actualizada para álbum ID 986
2025-06-06 14:12:56,637 - module.name - INFO - Procesando álbum 3/3070: Home - A Song for You
2025-06-06 14:12:56,637 - module.name - INFO - === DEBUG: Elementos en página para album: Home - A Song for You ===
2025-06-06 14:12:57,570 - module.name - INFO - Total links found: 1575
2025-06-06 14:12:57,570 - module.name - INFO - Relevant links found: 0
2025-06-06 14:12:57,619 - module.name - INFO - Elements with class .searchpage: 40
2025-06-06 14:12:57,673 - module.name - INFO - Elements with class .infobox: 40
2025-06-06 14:12:57,853 - module.name - INFO - Elements with class .rendered_text: 291
2025-06-06 14:13:00,183 - module.name - INFO - Elements with class td.main: 0
2025-06-06 14:13:00,185 - module.name - INFO - Searching album: Home by A Song for You
2025-06-06 14:13:06,946 - module.name - WARNING - No se encontró URL para el álbum: Home - A Song for You
2025-06-06 14:13:06,957 - module.name - INFO - URL actualizada para álbum ID 7164
2025-06-06 14:13:07,958 - module.name - INFO - Procesando álbum 4/3070: A Taste of Honey - A Taste of Honey
2025-06-06 14:13:07,958 - module.name - INFO - Searching album: A Taste of Honey by A Taste of Honey
2025-06-06 14:13:12,042 - nodriver.core.browser - INFO - terminated browser with pid 297300 successfully
2025-06-06 14:13:12,042 - module.name - ERROR - Error al cerrar navegador: object NoneType can't be used in 'await' expression
2025-06-06 14:13:12,043 - module.name - INFO - Scraping interrumpido por el usuario
2025-06-06 14:13:12,136 - module.name - INFO - 🔄 Iniciando process_artists_instruments
2025-06-06 14:13:12,136 - module.name - INFO - ✅ Conexión a base de datos establecida
2025-06-06 14:13:12,136 - module.name - INFO - Tabla equipboard_instruments creada/verificada
2025-06-06 14:13:12,136 - module.name - INFO - ✅ Tabla equipboard_instruments verificada
2025-06-06 14:13:12,141 - module.name - INFO - ✅ Obtenidos 1893 artistas para procesar
2025-06-06 14:13:12,141 - module.name - INFO - 🚀 Procesando instrumentos de 1893 artistas
2025-06-06 14:13:12,141 - module.name - INFO - 🔧 Configurando driver inicial...
2025-06-06 14:13:12,141 - module.name - INFO - 🔧 Usando undetected-chromedriver
2025-06-06 14:13:12,141 - module.name - INFO - 🔇 Modo headless activado
2025-06-06 14:13:12,169 - module.name - INFO - 🎭 Usando user agent aleatorio: Mozilla/5.0 (Linux; Android 10; K) AppleWebKit/537...
2025-06-06 14:13:12,677 - undetected_chromedriver.patcher - INFO - patching driver executable /home/huan/.local/share/undetected_chromedriver/undetected_chromedriver
2025-06-06 14:13:12,892 - uc - INFO - setting properties for headless
2025-06-06 14:13:12,893 - module.name - INFO - ✅ Driver undetected-chrome configurado exitosamente
2025-06-06 14:13:12,898 - module.name - INFO - ✅ Driver inicial configurado exitosamente
2025-06-06 14:13:12,898 - module.name - INFO - 
============================================================
2025-06-06 14:13:12,899 - module.name - INFO - [1/1893] 🎵 PROCESANDO: ANOHNI (Artist or band)
2025-06-06 14:13:12,899 - module.name - INFO - URL: https://equipboard.com/pros/anohni
2025-06-06 14:13:12,899 - module.name - INFO - Artist ID: 1065
2025-06-06 14:13:12,899 - module.name - INFO - ============================================================
2025-06-06 14:13:12,899 - module.name - INFO - 🌐 Iniciando extracción para ANOHNI (Artist or band)
2025-06-06 14:13:12,899 - module.name - INFO - 🎵 Extrayendo instrumentos de https://equipboard.com/pros/anohni
2025-06-06 14:13:12,899 - module.name - INFO - 🌐 Cargando https://equipboard.com/pros/anohni (intento 1/2)
2025-06-06 14:13:13,808 - module.name - INFO - 🔍 Verificando Cloudflare...
2025-06-06 14:13:13,977 - module.name - INFO - 🔄 Cerrando driver...
2025-06-06 14:13:13,980 - module.name - INFO - ✅ Driver cerrado
2025-06-06 14:13:13,981 - module.name - INFO - ✅ Conexión a BD cerrada
2025-06-06 14:13:13,983 - uc - INFO - ensuring close
2025-06-06 14:13:13,984 - nodriver.core.browser - INFO - terminated browser with pid 297300 successfully
2025-06-06 14:20:45,007 - module.name - INFO - 🔄 Iniciando process_artists_instruments
2025-06-06 14:20:45,007 - module.name - INFO - ✅ Conexión a base de datos establecida
2025-06-06 14:20:45,008 - module.name - INFO - Tabla equipboard_instruments creada/verificada
2025-06-06 14:20:45,008 - module.name - INFO - ✅ Tabla equipboard_instruments verificada
2025-06-06 14:20:45,010 - module.name - INFO - ✅ Obtenidos 1893 artistas para procesar
2025-06-06 14:20:45,010 - module.name - INFO - 🚀 Procesando instrumentos de 1893 artistas
2025-06-06 14:20:45,010 - module.name - INFO - 🔧 Configurando driver inicial...
2025-06-06 14:20:45,010 - module.name - INFO - 🔧 Usando undetected-chromedriver
2025-06-06 14:20:45,010 - module.name - INFO - 🔇 Modo headless activado
2025-06-06 14:20:45,040 - module.name - INFO - 🎭 Usando user agent aleatorio: Mozilla/5.0 (Windows NT 10.0; Win64; x64) AppleWeb...
2025-06-06 14:20:45,614 - undetected_chromedriver.patcher - INFO - patching driver executable /home/huan/.local/share/undetected_chromedriver/undetected_chromedriver
2025-06-06 14:20:45,836 - uc - INFO - setting properties for headless
2025-06-06 14:20:45,837 - module.name - INFO - ✅ Driver undetected-chrome configurado exitosamente
2025-06-06 14:20:45,843 - module.name - INFO - ✅ Driver inicial configurado exitosamente
2025-06-06 14:20:45,844 - module.name - INFO - 
============================================================
2025-06-06 14:20:45,844 - module.name - INFO - [1/1893] 🎵 PROCESANDO: ANOHNI (Artist or band)
2025-06-06 14:20:45,844 - module.name - INFO - URL: https://equipboard.com/pros/anohni
2025-06-06 14:20:45,844 - module.name - INFO - Artist ID: 1065
2025-06-06 14:20:45,844 - module.name - INFO - ============================================================
2025-06-06 14:20:45,844 - module.name - INFO - 🌐 Iniciando extracción para ANOHNI (Artist or band)
2025-06-06 14:20:45,844 - module.name - INFO - 🎵 Extrayendo instrumentos de https://equipboard.com/pros/anohni
2025-06-06 14:20:45,844 - module.name - INFO - 🌐 Cargando https://equipboard.com/pros/anohni (intento 1/2)
2025-06-06 14:20:46,290 - module.name - INFO - 🔄 Cerrando driver...
2025-06-06 14:20:46,394 - module.name - INFO - ✅ Driver cerrado
2025-06-06 14:20:46,394 - module.name - INFO - ✅ Conexión a BD cerrada
2025-06-06 14:20:46,399 - uc - INFO - ensuring close
2025-06-06 14:21:15,798 - nodriver.core.browser - INFO - starting
	executable :/usr/bin/chromium

arguments:
--remote-allow-origins=*
	--no-first-run
	--no-service-autorun
	--no-default-browser-check
	--homepage=about:blank
	--no-pings
	--password-store=basic
	--disable-infobars
	--disable-breakpad
	--disable-dev-shm-usage
	--disable-session-crashed-bubble
	--disable-search-engine-choice-screen
	--user-data-dir=/tmp/uc_s3bhjxj0
	--disable-session-crashed-bubble
	--disable-features=IsolateOrigins,site-per-process
	--no-sandbox
	--remote-debugging-host=127.0.0.1
	--remote-debugging-port=43175
2025-06-06 14:21:16,096 - nodriver.core.browser - INFO - enabling autodiscover targets
2025-06-06 14:21:18,270 - module.name - INFO - Navegador inicializado correctamente
2025-06-06 14:21:18,275 - module.name - INFO - Procesando 0 artistas sin URL de RateYourMusic
2025-06-06 14:21:18,275 - nodriver.core.browser - INFO - terminated browser with pid 309848 successfully
2025-06-06 14:21:18,275 - module.name - ERROR - Error al cerrar navegador: object NoneType can't be used in 'await' expression
2025-06-06 14:21:18,276 - module.name - INFO - Scraping completado exitosamente
2025-06-06 14:21:18,377 - module.name - INFO - 🔄 Iniciando process_artists_instruments
2025-06-06 14:21:18,377 - module.name - INFO - ✅ Conexión a base de datos establecida
2025-06-06 14:21:18,378 - module.name - INFO - Tabla equipboard_instruments creada/verificada
2025-06-06 14:21:18,378 - module.name - INFO - ✅ Tabla equipboard_instruments verificada
2025-06-06 14:21:18,380 - module.name - INFO - ✅ Obtenidos 1893 artistas para procesar
2025-06-06 14:21:18,380 - module.name - INFO - 🚀 Procesando instrumentos de 1893 artistas
2025-06-06 14:21:18,380 - module.name - INFO - 🔧 Configurando driver inicial...
2025-06-06 14:21:18,380 - module.name - INFO - 🔧 Usando undetected-chromedriver
2025-06-06 14:21:18,380 - module.name - INFO - 🔇 Modo headless activado
2025-06-06 14:21:18,409 - module.name - INFO - 🎭 Usando user agent aleatorio: Mozilla/5.0 (iPhone; CPU iPhone OS 18_3_2 like Mac...
2025-06-06 14:21:18,936 - undetected_chromedriver.patcher - INFO - patching driver executable /home/huan/.local/share/undetected_chromedriver/undetected_chromedriver
2025-06-06 14:21:19,147 - uc - INFO - setting properties for headless
2025-06-06 14:21:19,148 - module.name - INFO - ✅ Driver undetected-chrome configurado exitosamente
2025-06-06 14:21:19,154 - module.name - INFO - ✅ Driver inicial configurado exitosamente
2025-06-06 14:21:19,154 - module.name - INFO - 
============================================================
2025-06-06 14:21:19,154 - module.name - INFO - [1/1893] 🎵 PROCESANDO: ANOHNI (Artist or band)
2025-06-06 14:21:19,154 - module.name - INFO - URL: https://equipboard.com/pros/anohni
2025-06-06 14:21:19,154 - module.name - INFO - Artist ID: 1065
2025-06-06 14:21:19,155 - module.name - INFO - ============================================================
2025-06-06 14:21:19,155 - module.name - INFO - 🌐 Iniciando extracción para ANOHNI (Artist or band)
2025-06-06 14:21:19,155 - module.name - INFO - 🎵 Extrayendo instrumentos de https://equipboard.com/pros/anohni
2025-06-06 14:21:19,155 - module.name - INFO - 🌐 Cargando https://equipboard.com/pros/anohni (intento 1/2)
2025-06-06 14:21:20,112 - module.name - INFO - 🔍 Verificando Cloudflare...
2025-06-06 14:21:22,146 - module.name - INFO - ✅ Contenido válido detectado, no hay Cloudflare
2025-06-06 14:21:22,146 - module.name - INFO - 🔍 Verificando contenido para ANOHNI (Artist or band)
2025-06-06 14:21:22,161 - module.name - INFO - ✅ Contenido válido confirmado para ANOHNI (Artist or band)
2025-06-06 14:21:22,161 - module.name - INFO - ✅ Página cargada y validada exitosamente
2025-06-06 14:21:23,411 - module.name - INFO - 🔄 Cerrando driver...
2025-06-06 14:21:23,414 - module.name - INFO - ✅ Driver cerrado
2025-06-06 14:21:23,415 - module.name - INFO - ✅ Conexión a BD cerrada
2025-06-06 14:21:23,417 - uc - INFO - ensuring close
2025-06-06 14:21:23,417 - nodriver.core.browser - INFO - terminated browser with pid 309848 successfully
2025-06-06 14:23:39,553 - module.name - INFO - Base de datos verificada: /home/huan/gits/pollo/music-fuzzy/db/sqlite/musica_local.sqlite
2025-06-06 14:23:39,555 - nodriver.core.browser - INFO - starting
	executable :/usr/bin/chromium

arguments:
--remote-allow-origins=*
	--no-first-run
	--no-service-autorun
	--no-default-browser-check
	--homepage=about:blank
	--no-pings
	--password-store=basic
	--disable-infobars
	--disable-breakpad
	--disable-dev-shm-usage
	--disable-session-crashed-bubble
	--disable-search-engine-choice-screen
	--user-data-dir=/tmp/uc_gikcerr2
	--disable-session-crashed-bubble
	--disable-features=IsolateOrigins,site-per-process
	--no-sandbox
	--remote-debugging-host=127.0.0.1
	--remote-debugging-port=48695
2025-06-06 14:23:39,856 - nodriver.core.browser - INFO - enabling autodiscover targets
2025-06-06 14:23:42,089 - module.name - INFO - Navegador inicializado correctamente
2025-06-06 14:23:42,094 - module.name - INFO - Procesando 0 artistas sin URL de RateYourMusic
2025-06-06 14:23:42,094 - nodriver.core.browser - INFO - terminated browser with pid 312295 successfully
2025-06-06 14:23:42,094 - module.name - ERROR - Error al cerrar navegador: object NoneType can't be used in 'await' expression
2025-06-06 14:23:42,095 - module.name - INFO - Scraping completado exitosamente
2025-06-06 14:23:42,189 - module.name - INFO - 🔄 Iniciando process_artists_instruments
2025-06-06 14:23:42,189 - module.name - INFO - ✅ Conexión a base de datos establecida
2025-06-06 14:23:42,189 - module.name - INFO - Tabla equipboard_instruments creada/verificada
2025-06-06 14:23:42,189 - module.name - INFO - ✅ Tabla equipboard_instruments verificada
2025-06-06 14:23:42,192 - module.name - INFO - ✅ Obtenidos 1893 artistas para procesar
2025-06-06 14:23:42,192 - module.name - INFO - 🚀 Procesando instrumentos de 1893 artistas
2025-06-06 14:23:42,192 - module.name - INFO - 🔧 Configurando driver inicial...
2025-06-06 14:23:42,192 - module.name - INFO - 🔧 Usando undetected-chromedriver
2025-06-06 14:23:42,192 - module.name - INFO - 🔇 Modo headless activado
2025-06-06 14:23:42,221 - module.name - INFO - 🎭 Usando user agent aleatorio: Mozilla/5.0 (Linux; Android 10; K) AppleWebKit/537...
2025-06-06 14:23:42,714 - undetected_chromedriver.patcher - INFO - patching driver executable /home/huan/.local/share/undetected_chromedriver/undetected_chromedriver
2025-06-06 14:23:42,937 - uc - INFO - setting properties for headless
2025-06-06 14:23:42,938 - module.name - INFO - ✅ Driver undetected-chrome configurado exitosamente
2025-06-06 14:23:42,944 - module.name - INFO - ✅ Driver inicial configurado exitosamente
2025-06-06 14:23:42,945 - module.name - INFO - 
============================================================
2025-06-06 14:23:42,945 - module.name - INFO - [1/1893] 🎵 PROCESANDO: ANOHNI (Artist or band)
2025-06-06 14:23:42,945 - module.name - INFO - URL: https://equipboard.com/pros/anohni
2025-06-06 14:23:42,945 - module.name - INFO - Artist ID: 1065
2025-06-06 14:23:42,945 - module.name - INFO - ============================================================
2025-06-06 14:23:42,945 - module.name - INFO - 🌐 Iniciando extracción para ANOHNI (Artist or band)
2025-06-06 14:23:42,945 - module.name - INFO - 🎵 Extrayendo instrumentos de https://equipboard.com/pros/anohni
2025-06-06 14:23:42,945 - module.name - INFO - 🌐 Cargando https://equipboard.com/pros/anohni (intento 1/2)
2025-06-06 14:23:43,222 - module.name - INFO - 🔄 Cerrando driver...
2025-06-06 14:23:43,225 - module.name - INFO - ✅ Driver cerrado
2025-06-06 14:23:43,226 - module.name - INFO - ✅ Conexión a BD cerrada
2025-06-06 14:23:43,231 - uc - INFO - ensuring close
2025-06-06 14:23:43,232 - nodriver.core.browser - INFO - terminated browser with pid 312295 successfully
